{
  "RSpec": {
    "coverage": {
      "/Users/dm/Documents/code/toy-robot/spec/support/fake_stdin.rb": [
        1,
        1,
        null,
        1,
        23,
        null,
        null,
        1,
        23,
        null,
        null,
        1,
        73,
        null,
        null
      ],
      "/Users/dm/Documents/code/toy-robot/src/command_reader.rb": [
        1,
        1,
        null,
        1,
        23,
        null,
        null,
        1,
        18,
        55,
        55,
        null,
        null,
        null,
        1,
        1,
        55,
        null,
        null
      ],
      "/Users/dm/Documents/code/toy-robot/src/position.rb": [
        1,
        1,
        null,
        1,
        89,
        89,
        89,
        null,
        null,
        1,
        98,
        null,
        null,
        1,
        27,
        null,
        null,
        1,
        9,
        null,
        null,
        1,
        13,
        null,
        null,
        1,
        63,
        32,
        6,
        10,
        6,
        null,
        null,
        null,
        1,
        14,
        null,
        null,
        1,
        130,
        130,
        null,
        null,
        null,
        1,
        1,
        null,
        1,
        null,
        null,
        null,
        1,
        null,
        null,
        null
      ],
      "/Users/dm/Documents/code/toy-robot/src/table.rb": [
        1,
        1,
        null,
        1,
        46,
        46,
        46,
        null,
        null,
        1,
        69,
        null,
        null,
        1,
        10,
        null,
        null,
        1,
        0,
        0,
        null,
        0,
        0,
        0,
        0,
        null,
        0,
        null,
        0,
        null,
        null,
        0,
        null,
        0,
        null,
        null,
        1,
        25,
        null,
        null
      ],
      "/Users/dm/Documents/code/toy-robot/src/robot.rb": [
        1,
        1,
        null,
        1,
        1,
        null,
        1,
        36,
        36,
        null,
        null,
        1,
        34,
        null,
        34,
        30,
        null,
        null,
        null,
        1,
        32,
        32,
        32,
        null,
        null,
        1,
        9,
        null,
        null,
        1,
        10,
        null,
        null,
        1,
        9,
        9,
        null,
        null
      ],
      "/Users/dm/Documents/code/toy-robot/src/toy_robot.rb": [
        1,
        1,
        1,
        null,
        1,
        1,
        null,
        1,
        20,
        20,
        20,
        null,
        20,
        20,
        20,
        null,
        null,
        1,
        16,
        52,
        52,
        null,
        52,
        48,
        null,
        4,
        null,
        0,
        null,
        null,
        null,
        null,
        null,
        null,
        1,
        0,
        0,
        0,
        null,
        null
      ],
      "/Users/dm/Documents/code/toy-robot/src/placed_object.rb": [
        1,
        1,
        null,
        1,
        13,
        13,
        null,
        null,
        1,
        9,
        null,
        null
      ],
      "/Users/dm/Documents/code/toy-robot/spec/placed_object_spec.rb": [
        1,
        null,
        1,
        1,
        3,
        3,
        null,
        null,
        1,
        1,
        1,
        null,
        null,
        1,
        1,
        null,
        null,
        1,
        1,
        null,
        null
      ],
      "/Users/dm/Documents/code/toy-robot/spec/position_spec.rb": [
        1,
        null,
        1,
        1,
        13,
        null,
        null,
        1,
        1,
        null,
        null,
        1,
        1,
        null,
        null,
        1,
        1,
        null,
        null,
        1,
        1,
        1,
        null,
        null,
        1,
        1,
        1,
        null,
        null,
        1,
        1,
        1,
        null,
        null,
        1,
        1,
        1,
        null,
        null,
        1,
        1,
        1,
        null,
        null,
        1,
        1,
        1,
        null,
        null,
        1,
        1,
        1,
        1,
        null,
        null,
        1,
        1,
        1,
        1,
        1,
        null,
        null,
        1,
        1,
        1,
        1,
        null,
        null,
        1,
        1,
        null,
        null
      ],
      "/Users/dm/Documents/code/toy-robot/spec/robot_spec.rb": [
        1,
        null,
        1,
        1,
        1,
        8,
        8,
        8,
        null,
        null,
        1,
        1,
        1,
        null,
        null,
        1,
        1,
        1,
        1,
        null,
        null,
        1,
        1,
        1,
        null,
        null,
        1,
        1,
        1,
        null,
        null,
        1,
        1,
        1,
        null,
        null,
        1,
        1,
        1,
        null,
        null,
        1,
        1,
        1,
        null,
        null,
        1,
        1,
        10,
        null,
        1,
        null,
        null,
        null,
        1,
        1,
        4,
        4,
        4,
        null,
        null,
        1,
        null,
        1,
        1,
        null,
        null,
        1,
        1,
        1,
        1,
        1,
        1,
        null,
        null,
        1,
        1,
        1,
        1,
        1,
        null,
        null,
        1,
        1,
        1,
        1,
        1,
        null,
        null,
        null,
        1,
        1,
        4,
        4,
        null,
        null,
        1,
        1,
        1,
        null,
        null,
        1,
        1,
        1,
        null,
        null,
        1,
        1,
        1,
        null,
        null,
        1,
        1,
        1,
        null,
        null,
        null
      ],
      "/Users/dm/Documents/code/toy-robot/spec/table_spec.rb": [
        1,
        null,
        1,
        1,
        7,
        null,
        null,
        1,
        1,
        null,
        null,
        1,
        1,
        null,
        null,
        1,
        1,
        null,
        null,
        1,
        1,
        1,
        null,
        null,
        1,
        1,
        3,
        null,
        null,
        1,
        1,
        1,
        null,
        null,
        1,
        1,
        1,
        null,
        null,
        1,
        1,
        1,
        null,
        null,
        null
      ],
      "/Users/dm/Documents/code/toy-robot/spec/toy_robot_integration_spec.rb": [
        1,
        null,
        1,
        1,
        16,
        16,
        null,
        null,
        1,
        1,
        1,
        1,
        null,
        null,
        1,
        1,
        1,
        1,
        null,
        null,
        1,
        1,
        1,
        1,
        null,
        null,
        1,
        1,
        1,
        1,
        null,
        null,
        1,
        1,
        1,
        1,
        null,
        null,
        1,
        1,
        1,
        1,
        null,
        null,
        1,
        1,
        1,
        1,
        null,
        null,
        1,
        1,
        1,
        1,
        null,
        null,
        1,
        1,
        1,
        1,
        null,
        null,
        1,
        1,
        1,
        1,
        null,
        null,
        1,
        1,
        1,
        1,
        null,
        null,
        1,
        1,
        1,
        1,
        null,
        null,
        1,
        1,
        4,
        4,
        4,
        null,
        null,
        1,
        1,
        1,
        1,
        null,
        null,
        1,
        1,
        1,
        1,
        null,
        null,
        1,
        1,
        1,
        1,
        null,
        null,
        1,
        1,
        1,
        1,
        null,
        null,
        null
      ]
    },
    "timestamp": 1422455806
  }
}
