{
  "RSpec": {
    "coverage": {
      "/Users/dm/Documents/code/bowling/src/frame.rb": [
        1,
        1,
        null,
        1,
        88,
        88,
        88,
        null,
        null,
        1,
        130,
        130,
        null,
        null,
        1,
        71,
        null,
        null,
        1,
        132,
        null,
        null,
        1,
        97,
        null,
        null,
        1,
        1,
        130,
        130,
        null,
        null,
        1,
        117,
        null,
        null,
        1,
        97,
        null,
        null,
        1,
        130,
        null,
        null,
        null
      ],
      "/Users/dm/Documents/code/bowling/src/bowlinggame.rb": [
        1,
        null,
        1,
        1,
        null,
        1,
        8,
        88,
        null,
        null,
        1,
        98,
        540,
        null,
        94,
        94,
        null,
        23,
        null,
        423,
        null,
        null,
        null,
        null,
        1,
        105,
        null,
        null,
        1,
        77,
        null,
        null
      ],
      "/Users/dm/Documents/code/bowling/spec/frame_spec.rb": [
        1,
        null,
        1,
        1,
        8,
        null,
        null,
        1,
        1,
        null,
        null,
        1,
        1,
        1,
        1,
        null,
        null,
        1,
        1,
        1,
        1,
        null,
        null,
        1,
        1,
        1,
        null,
        1,
        1,
        null,
        null,
        1,
        1,
        1,
        1,
        null,
        null,
        1,
        1,
        1,
        null,
        null,
        1,
        1,
        1,
        1,
        null,
        null,
        1,
        1,
        1,
        1,
        1,
        null,
        null
      ]
    },
    "timestamp": 1423059396
  }
}
