{
  "RSpec": {
    "coverage": {
      "/Users/dm/Documents/code/scratch/ruby-katas/stringcalc/src/stringcalc.rb": [
        1,
        1,
        8,
        8,
        null,
        7,
        6,
        null,
        1,
        null,
        null,
        null,
        1,
        8,
        null,
        null,
        1,
        33,
        null,
        null,
        1,
        9,
        null,
        null,
        1,
        25,
        null,
        null
      ]
    },
    "timestamp": 1423462219
  }
}
